
=== Cart Action Request at 2025-04-26 21:11:55 ===
Session started
SESSION data: Array
(
    [user_id] => 3
    [username] => 
    [role] => customer
)

GET data: Array
(
    [action] => add
)

POST data: Array
(
    [product_id] => 1
)

Database connection included
User ID: 3
Action: add
Product ID: 1
Database connection status: Connected
Attempting to add product 1 to cart for user 3
Check query executed: Success
Insert query executed: Success
Product added to cart successfully
Database connection closed
=== End of request ===

=== Cart Action Request at 2025-04-26 21:20:41 ===
Session started
SESSION data: Array
(
    [user_id] => 3
    [username] => 
    [role] => customer
)

GET data: Array
(
    [action] => add
)

POST data: Array
(
    [product_id] => 1
)

Database connection included
User ID: 3
Action: add
Product ID: 1
Database connection status: Connected
Attempting to add product 1 to cart for user 3
Check query executed: Success
Product already in cart
Database connection closed
=== End of request ===

=== Cart Action Request at 2025-04-26 21:20:52 ===
Session started
SESSION data: Array
(
    [user_id] => 3
    [username] => 
    [role] => customer
)

GET data: Array
(
    [action] => add
)

POST data: Array
(
    [product_id] => 1
)

Database connection included
User ID: 3
Action: add
Product ID: 1
Database connection status: Connected
Attempting to add product 1 to cart for user 3
Check query executed: Success
Product already in cart
Database connection closed
=== End of request ===

=== Cart Action Request at 2025-04-26 21:21:05 ===
Session started
SESSION data: Array
(
    [user_id] => 3
    [username] => 
    [role] => customer
)

GET data: Array
(
    [action] => remove
)

POST data: Array
(
    [product_id] => 1
)

Database connection included
User ID: 3
Action: remove
Product ID: 1
Database connection status: Connected
Attempting to remove product 1 from cart for user 3
Delete query executed: Success
Product removed from cart successfully
Database connection closed
=== End of request ===

=== Cart Action Request at 2025-04-27 03:48:46 ===
Session started
SESSION data: Array
(
    [user_id] => 1
    [username] => 
    [role] => customer
)

GET data: Array
(
    [action] => add
)

POST data: Array
(
    [product_id] => 1
)


=== Cart Action Request at 2025-04-27 03:49:58 ===
Session started
SESSION data: Array
(
    [user_id] => 1
    [username] => 
    [role] => customer
)

GET data: Array
(
    [action] => add
)

POST data: Array
(
    [product_id] => 1
)

Database connection included
User ID: 1
Action: add
Product ID: 1
Database connection status: Connected
Attempting to add product 1 to cart for user 1
Check query executed: Success
Insert query executed: Success
Product added to cart successfully
Database connection closed
=== End of request ===
=== Cart Action Request at 2025-04-27 04:00:22 ===
Session started
SESSION data: Array
(
    [user_id] => 1
    [username] => 
    [role] => customer
)

GET data: Array
(
    [action] => add
)

POST data: Array
(
    [product_id] => 5
)

Database connection included
User ID: 1
Action: add
Product ID: 5
Database connection status: Connected
Attempting to add product 5 to cart for user 1
Check query executed: Success
Insert query executed: Success
Product added to cart successfully
Database connection closed
=== End of request ===

=== Cart Action Request at 2025-04-27 04:07:06 ===
Session started
SESSION data: Array
(
    [user_id] => 1
    [username] => 
    [role] => customer
)

GET data: Array
(
    [action] => add
)

POST data: Array
(
    [product_id] => 1
)

Database connection included
User ID: 1
Action: add
Product ID: 1
Database connection status: Connected
Attempting to add product 1 to cart for user 1
Check query executed: Success
Product already in cart
Database connection closed
=== End of request ===

=== Cart Action Request at 2025-04-27 04:39:05 ===
Session started
SESSION data: Array
(
    [user_id] => 1
    [username] => 
    [role] => customer
)

GET data: Array
(
    [action] => add
)

POST data: Array
(
    [product_id] => 6
)

Database connection included
User ID: 1
Action: add
Product ID: 6
Database connection status: Connected
Attempting to add product 6 to cart for user 1
Check query executed: Success
Insert query executed: Success
Product added to cart successfully
Database connection closed
=== End of request ===

=== Cart Action Request at 2025-04-27 16:30:29 ===
Session started
SESSION data: Array
(
    [user_id] => 1
    [username] => 
    [role] => customer
)

GET data: Array
(
    [action] => add
)

POST data: Array
(
    [product_id] => 9
)

Database connection included
User ID: 1
Action: add
Product ID: 9
Database connection status: Connected
Attempting to add product 9 to cart for user 1
Check query executed: Success
Insert query executed: Success
Product added to cart successfully
Database connection closed
=== End of request ===

=== Cart Action Request at 2025-04-27 16:36:28 ===
Session started
SESSION data: Array
(
    [user_id] => 3
    [username] => 
    [role] => customer
)

GET data: Array
(
    [action] => add
)

POST data: Array
(
    [product_id] => 12
)

Database connection included
User ID: 3
Action: add
Product ID: 12
Database connection status: Connected
Attempting to add product 12 to cart for user 3
Check query executed: Success
Insert query executed: Success
Product added to cart successfully
Database connection closed
=== End of request ===

=== Cart Action Request at 2025-04-27 16:37:51 ===
Session started
SESSION data: Array
(
    [user_id] => 3
    [username] => 
    [role] => customer
)

GET data: Array
(
    [action] => add
)

POST data: Array
(
    [product_id] => 4
)

Database connection included
User ID: 3
Action: add
Product ID: 4
Database connection status: Connected
Attempting to add product 4 to cart for user 3
Check query executed: Success
Insert query executed: Success
Product added to cart successfully
Database connection closed
=== End of request ===

=== Cart Action Request at 2025-04-27 16:39:54 ===
Session started
SESSION data: Array
(
    [user_id] => 3
    [username] => 
    [role] => customer
)

GET data: Array
(
    [action] => add
)

POST data: Array
(
    [product_id] => 8
)

Database connection included
User ID: 3
Action: add
Product ID: 8
Database connection status: Connected
Attempting to add product 8 to cart for user 3
Check query executed: Success
Insert query executed: Success
Product added to cart successfully
Database connection closed
=== End of request ===

=== Cart Action Request at 2025-04-27 16:41:04 ===
Session started
SESSION data: Array
(
    [user_id] => 3
    [username] => 
    [role] => customer
)

GET data: Array
(
    [action] => add
)

POST data: Array
(
    [product_id] => 4
)

Database connection included
User ID: 3
Action: add
Product ID: 4
Database connection status: Connected
Attempting to add product 4 to cart for user 3
Check query executed: Success
Insert query executed: Success
Product added to cart successfully
Database connection closed
=== End of request ===

=== Cart Action Request at 2025-04-27 16:45:15 ===
Session started
SESSION data: Array
(
    [user_id] => 3
    [username] => 
    [role] => customer
)

GET data: Array
(
    [action] => add
)

POST data: Array
(
    [product_id] => 6
)

Database connection included
User ID: 3
Action: add
Product ID: 6
Database connection status: Connected
Attempting to add product 6 to cart for user 3
Check query executed: Success
Insert query executed: Success
Product added to cart successfully
Database connection closed
=== End of request ===

=== Cart Action Request at 2025-04-27 16:47:44 ===
Session started
SESSION data: Array
(
    [user_id] => 3
    [username] => 
    [role] => customer
)

GET data: Array
(
    [action] => add
)

POST data: Array
(
    [product_id] => 11
)

Database connection included
User ID: 3
Action: add
Product ID: 11
Database connection status: Connected
Attempting to add product 11 to cart for user 3
Check query executed: Success
Insert query executed: Success
Product added to cart successfully
Database connection closed
=== End of request ===

=== Cart Action Request at 2025-04-27 16:50:11 ===
Session started
SESSION data: Array
(
    [user_id] => 3
    [username] => 
    [role] => customer
    [order] => Array
        (
            [order_id] => 11
            [payment_method] => Cash on Delivery
            [total_amount] => 1822
        )

    [cart] => Array
        (
            [0] => Array
                (
                    [id] => 10
                    [user_id] => 3
                    [product_id] => 11
                    [quantity] => 1
                    [name] => Bioderma Photoderm Max Spf 50+ Cream 40ml
                    [price] => 1822.00
                    [image] => product_images/biodermasun.jpg
                )

        )

)

GET data: Array
(
    [action] => add
)

POST data: Array
(
    [product_id] => 3
)

Database connection included
User ID: 3
Action: add
Product ID: 3
Database connection status: Connected
Attempting to add product 3 to cart for user 3
Check query executed: Success
Insert query executed: Success
Product added to cart successfully
Database connection closed
=== End of request ===

=== Cart Action Request at 2025-04-27 16:58:36 ===
Session started
SESSION data: Array
(
    [user_id] => 3
    [username] => 
    [role] => customer
    [order] => Array
        (
            [order_id] => 12
            [payment_method] => Khalti
            [total_amount] => 935
        )

    [cart] => Array
        (
            [0] => Array
                (
                    [id] => 11
                    [user_id] => 3
                    [product_id] => 3
                    [quantity] => 1
                    [name] => Cetaphil Moisturizing Cream (80g)
                    [price] => 935.00
                    [image] => product_images/cetaphilmoist.JPG
                )

        )

    [user_details] => Array
        (
            [name] => New User
            [email] => newuser@barebelle.com
            [phone] => 987654322
            [address] => Kathmandu
        )

)

GET data: Array
(
    [action] => add
)

POST data: Array
(
    [product_id] => 10
)

Database connection included
User ID: 3
Action: add
Product ID: 10
Database connection status: Connected
Attempting to add product 10 to cart for user 3
Check query executed: Success
Insert query executed: Success
Product added to cart successfully
Database connection closed
=== End of request ===

=== Cart Action Request at 2025-04-27 17:13:27 ===
Session started
SESSION data: Array
(
    [user_id] => 3
    [username] => 
    [role] => customer
    [order] => Array
        (
            [order_id] => 13
            [payment_method] => Cash on Delivery
            [total_amount] => 1846
        )

    [cart] => Array
        (
            [0] => Array
                (
                    [id] => 11
                    [user_id] => 3
                    [product_id] => 3
                    [quantity] => 1
                    [name] => Cetaphil Moisturizing Cream (80g)
                    [price] => 935.00
                    [image] => product_images/cetaphilmoist.JPG
                )

            [1] => Array
                (
                    [id] => 12
                    [user_id] => 3
                    [product_id] => 10
                    [quantity] => 1
                    [name] => Aqualogica Glow+ Sunscreen 80g
                    [price] => 911.00
                    [image] => product_images/aqualogicasun.JPG
                )

        )

    [user_details] => Array
        (
            [name] => New User
            [email] => newuser@barebelle.com
            [phone] => 987654322
            [address] => Kathmandu
        )

)

GET data: Array
(
    [action] => add
)

POST data: Array
(
    [product_id] => 4
)

Database connection included
User ID: 3
Action: add
Product ID: 4
Database connection status: Connected
Attempting to add product 4 to cart for user 3
Check query executed: Success
Insert query executed: Success
Product added to cart successfully
Database connection closed
=== End of request ===

=== Cart Action Request at 2025-04-27 18:38:28 ===
Session started
SESSION data: Array
(
)

GET data: Array
(
)

POST data: Array
(
    [id] => 1
)

Database connection included
ERROR: User not logged in

=== Cart Action Request at 2025-04-27 18:38:57 ===
Session started
SESSION data: Array
(
    [user_id] => 1
    [username] => 
    [role] => customer
)

GET data: Array
(
)

POST data: Array
(
    [id] => 1
)

Database connection included
User ID: 1
Action: 
Product ID: 0
ERROR: Invalid product ID

=== Cart Action Request at 2025-04-27 18:41:46 ===
Session started
SESSION data: Array
(
    [user_id] => 1
    [username] => 
    [role] => customer
)

GET data: Array
(
)

POST data: Array
(
    [action] => add
    [product_id] => 5
)

Database connection included
User ID: 1
Action: 
Product ID: 5
Database connection status: Connected
ERROR: Invalid action
Database connection closed
=== End of request ===

=== Cart Action Request at 2025-04-27 18:44:18 ===
Session started
SESSION data: Array
(
    [user_id] => 1
    [username] => 
    [role] => customer
)

GET data: Array
(
)

POST data: Array
(
    [action] => add
    [product_id] => 5
)

Database connection included
User ID: 1
Action: add
Product ID: 5
Database connection status: Connected
Attempting to add product 5 to cart for user 1
Check query executed: Success
Insert query executed: Success
Product added to cart successfully
Database connection closed
=== End of request ===

=== Cart Action Request at 2025-04-27 18:44:39 ===
Session started
SESSION data: Array
(
    [user_id] => 1
    [username] => 
    [role] => customer
)

GET data: Array
(
    [action] => add
)

POST data: Array
(
    [product_id] => 3
)

Database connection included
User ID: 1
Action: add
Product ID: 3
Database connection status: Connected
Attempting to add product 3 to cart for user 1
Check query executed: Success
Insert query executed: Success
Product added to cart successfully
Database connection closed
=== End of request ===

=== Cart Action Request at 2025-04-27 18:44:45 ===
Session started
SESSION data: Array
(
    [user_id] => 1
    [username] => 
    [role] => customer
)

GET data: Array
(
    [action] => add
)

POST data: Array
(
    [product_id] => 4
)

Database connection included
User ID: 1
Action: add
Product ID: 4
Database connection status: Connected
Attempting to add product 4 to cart for user 1
Check query executed: Success
Insert query executed: Success
Product added to cart successfully
Database connection closed
=== End of request ===

=== Cart Action Request at 2025-04-27 18:44:58 ===
Session started
SESSION data: Array
(
    [user_id] => 1
    [username] => 
    [role] => customer
)

GET data: Array
(
    [action] => add
)

POST data: Array
(
    [product_id] => 5
)

Database connection included
User ID: 1
Action: add
Product ID: 5
Database connection status: Connected
Attempting to add product 5 to cart for user 1
Check query executed: Success
Product already in cart
Database connection closed
=== End of request ===

=== Cart Action Request at 2025-04-27 18:52:58 ===
Session started
SESSION data: Array
(
    [user_id] => 1
    [username] => 
    [role] => customer
)

GET data: Array
(
    [action] => add
)

POST data: Array
(
    [product_id] => 1
)

Database connection included
User ID: 1
Action: add
Product ID: 1
Database connection status: Connected
Attempting to add product 1 to cart for user 1
Check query executed: Success
Insert query executed: Success
Product added to cart successfully
Database connection closed
=== End of request ===
